[2025-08-01T19:07:20.131Z] ✅ webhook.js | CEP: 89801-000 | Status: 200 | Resposta: ✅ Representante para o Oeste Catarinense:

📍 *Cristian (Andre)*
📞 WhatsApp: https://wa.me/555984480883
[2025-08-01T19:07:24.939Z] ✅ teste-webhook.js | CEP: 88704-410 | Status: 200 | Resposta: ❗ Nenhum representante encontrado em até 200 km no seu estado.

Para assuntos gerais, por favor entre em contato com nosso atendimento:
☎️ *Everson*
+55 (48) 9211-0383
[2025-08-01T19:07:29.993Z] ✅ webhook.js | CEP: 88801-000 | Status: 200 | Resposta: ✅ Representante para o Litoral Sul de SC:

📍 *Peter*
📞 WhatsApp: https://wa.me/554896894570
[2025-08-01T19:07:34.938Z] ✅ teste-webhook.js | CEP: 88303-301 | Status: 200 | Resposta: ✅ Representante para o Litoral Centro-Norte de SC:

📍 *Diego*
📞 WhatsApp: https://wa.me/554898445939
[2025-08-01T19:07:40.152Z] ✅ webhook.js | CEP: 89801-000 | Status: 200 | Resposta: ✅ Representante para o Oeste Catarinense:

📍 *Cristian (Andre)*
📞 WhatsApp: https://wa.me/555984480883
[2025-08-01T19:07:45.029Z] ✅ teste-webhook.js | CEP: 88704-410 | Status: 200 | Resposta: ❗ Nenhum representante encontrado em até 200 km no seu estado.

Para assuntos gerais, por favor entre em contato com nosso atendimento:
☎️ *Everson*
+55 (48) 9211-0383
[2025-08-01T19:07:49.992Z] ✅ webhook.js | CEP: 88801-000 | Status: 200 | Resposta: ✅ Representante para o Litoral Sul de SC:

📍 *Peter*
📞 WhatsApp: https://wa.me/554896894570
[2025-08-01T19:07:55.052Z] ✅ teste-webhook.js | CEP: 88303-301 | Status: 200 | Resposta: ✅ Representante para o Litoral Centro-Norte de SC:

📍 *Diego*
📞 WhatsApp: https://wa.me/554898445939
[2025-08-01T19:08:00.205Z] ✅ webhook.js | CEP: 89801-000 | Status: 200 | Resposta: ✅ Representante para o Oeste Catarinense:

📍 *Cristian (Andre)*
📞 WhatsApp: https://wa.me/555984480883
[2025-08-01T19:08:04.974Z] ✅ teste-webhook.js | CEP: 88704-410 | Status: 200 | Resposta: ❗ Nenhum representante encontrado em até 200 km no seu estado.

Para assuntos gerais, por favor entre em contato com nosso atendimento:
☎️ *Everson*
+55 (48) 9211-0383
[2025-08-01T19:08:10.167Z] ✅ webhook.js | CEP: 88801-000 | Status: 200 | Resposta: ✅ Representante para o Litoral Sul de SC:

📍 *Peter*
📞 WhatsApp: https://wa.me/554896894570
[2025-08-01T19:08:14.983Z] ✅ teste-webhook.js | CEP: 88303-301 | Status: 200 | Resposta: ✅ Representante para o Litoral Centro-Norte de SC:

📍 *Diego*
📞 WhatsApp: https://wa.me/554898445939
[2025-08-01T19:08:20.208Z] ✅ webhook.js | CEP: 89801-000 | Status: 200 | Resposta: ✅ Representante para o Oeste Catarinense:

📍 *Cristian (Andre)*
📞 WhatsApp: https://wa.me/555984480883
[2025-08-01T19:08:25.009Z] ✅ teste-webhook.js | CEP: 88704-410 | Status: 200 | Resposta: ❗ Nenhum representante encontrado em até 200 km no seu estado.

Para assuntos gerais, por favor entre em contato com nosso atendimento:
☎️ *Everson*
+55 (48) 9211-0383
[2025-08-01T19:08:30.166Z] ✅ webhook.js | CEP: 88801-000 | Status: 200 | Resposta: ✅ Representante para o Litoral Sul de SC:

📍 *Peter*
📞 WhatsApp: https://wa.me/554896894570
[2025-08-01T19:08:35.115Z] ✅ teste-webhook.js | CEP: 88303-301 | Status: 200 | Resposta: ✅ Representante para o Litoral Centro-Norte de SC:

📍 *Diego*
📞 WhatsApp: https://wa.me/554898445939
[2025-08-01T19:08:40.112Z] ✅ webhook.js | CEP: 89801-000 | Status: 200 | Resposta: ✅ Representante para o Oeste Catarinense:

📍 *Cristian (Andre)*
📞 WhatsApp: https://wa.me/555984480883
[2025-08-01T19:08:45.129Z] ✅ teste-webhook.js | CEP: 88704-410 | Status: 200 | Resposta: ❗ Nenhum representante encontrado em até 200 km no seu estado.

Para assuntos gerais, por favor entre em contato com nosso atendimento:
☎️ *Everson*
+55 (48) 9211-0383
[2025-08-01T19:08:50.195Z] ✅ webhook.js | CEP: 88801-000 | Status: 200 | Resposta: ✅ Representante para o Litoral Sul de SC:

📍 *Peter*
📞 WhatsApp: https://wa.me/554896894570
[2025-08-01T19:08:54.986Z] ✅ teste-webhook.js | CEP: 88303-301 | Status: 200 | Resposta: ✅ Representante para o Litoral Centro-Norte de SC:

📍 *Diego*
📞 WhatsApp: https://wa.me/554898445939
[2025-08-01T19:09:00.225Z] ✅ webhook.js | CEP: 89801-000 | Status: 200 | Resposta: ✅ Representante para o Oeste Catarinense:

📍 *Cristian (Andre)*
📞 WhatsApp: https://wa.me/555984480883
